{
  "RSpec": {
    "coverage": {
      "/app/config/routes.rb": {
        "lines": [
          1,
          1,
          null,
          1,
          1,
          null,
          null
        ]
      },
      "/app/app/models/article.rb": {
        "lines": [
          1,
          1,
          null,
          1,
          null,
          1,
          1,
          null
        ]
      },
      "/app/app/models/comment.rb": {
        "lines": [
          1,
          1,
          null,
          1,
          null,
          1,
          null,
          1,
          null,
          1,
          0,
          null,
          null
        ]
      },
      "/app/app/controllers/articles_controller.rb": {
        "lines": [
          1,
          1,
          3,
          3,
          null,
          null,
          1,
          0,
          0,
          null,
          null,
          1,
          13,
          null,
          13,
          10,
          null,
          3,
          null,
          null,
          null,
          1,
          5,
          null,
          4,
          4,
          null,
          0,
          null,
          null,
          null,
          1,
          4,
          3,
          null,
          3,
          null,
          null,
          1,
          1,
          17,
          null,
          null
        ]
      },
      "/app/app/controllers/comments_controller.rb": {
        "lines": [
          1,
          1,
          2,
          2,
          null,
          2,
          null,
          null,
          1,
          0,
          0,
          null,
          0,
          null,
          null,
          1,
          5,
          5,
          null,
          5,
          null,
          null,
          1,
          2,
          2,
          2,
          null,
          2,
          null,
          null,
          1,
          1,
          5,
          null,
          null
        ]
      }
    },
    "timestamp": 1660065312
  }
}
